<?xml version="1.0" encoding="UTF-8"?>
<testng-results skipped="0" failed="0" total="1" passed="1">
  <reporter-output>
  </reporter-output>
  <suite name="Default suite" duration-ms="40031" started-at="2017-06-16T19:48:17Z" finished-at="2017-06-16T19:48:57Z">
    <groups>
    </groups>
    <test name="Default test" duration-ms="40031" started-at="2017-06-16T19:48:17Z" finished-at="2017-06-16T19:48:57Z">
      <class name="testpckg.TripAdvisor">
        <test-method status="PASS" signature="tripAdvisor()[pri:0, instance:testpckg.TripAdvisor@6ea12c19]" name="tripAdvisor" duration-ms="40011" started-at="2017-06-17T01:18:17Z" finished-at="2017-06-17T01:18:57Z">
          <reporter-output>
          </reporter-output>
        </test-method> <!-- tripAdvisor -->
      </class> <!-- testpckg.TripAdvisor -->
    </test> <!-- Default test -->
  </suite> <!-- Default suite -->
</testng-results>
